<?xml version="1.0" encoding="UTF-8"?>
<!-- Generated by org.testng.reporters.JUnitReportReporter -->
<testsuite skipped="0" hostname="AHADUJJAMAN" name="com.ups.testRunner.UpsTrackingTestRunner" tests="1" failures="0" timestamp="2020-12-11T03:33:07 EST" time="44.025" errors="0">
  <testcase name="TrackingPage" time="44.025" classname="com.ups.testRunner.UpsTrackingTestRunner"/>
  <system-out/>
</testsuite> <!-- com.ups.testRunner.UpsTrackingTestRunner -->
